# JRE version: Java(TM) SE Runtime Environment (8.0_161-b12) (build 1.8.0_161-b12)
# Java VM: Java HotSpot(TM) 64-Bit Server VM (25.161-b12 mixed mode windows-amd64 compressed oops)
Heap:
 PSYoungGen      total 389632K, used 96441K [0x00000006eab00000, 0x0000000705180000, 0x00000007c0000000)
  eden space 360960K, 18% used [0x00000006eab00000,0x00000006eed98d58,0x0000000700b80000)
  from space 28672K, 98% used [0x0000000703580000,0x0000000705115a58,0x0000000705180000)
  to   space 35328K, 0% used [0x0000000700c80000,0x0000000700c80000,0x0000000702f00000)
 ParOldGen       total 93184K, used 34955K [0x0000000540000000, 0x0000000545b00000, 0x00000006eab00000)
  object space 93184K, 37% used [0x0000000540000000,0x0000000542222c50,0x0000000545b00000)
 Metaspace       used 27620K, capacity 27859K, committed 28208K, reserved 1075200K
  class space    used 3210K, capacity 3295K, committed 3376K, reserved 1048576K
GC Heap History (10 events):
Event: 20.407 GC heap before
{Heap before GC invocations=11 (full 0):
 PSYoungGen      total 164864K, used 162791K [0x00000006eab00000, 0x00000006f6300000, 0x00000007c0000000)
  eden space 147456K, 100% used [0x00000006eab00000,0x00000006f3b00000,0x00000006f3b00000)
  from space 17408K, 88% used [0x00000006f4e00000,0x00000006f5cf9ed8,0x00000006f5f00000)
  to   space 19456K, 0% used [0x00000006f3b00000,0x00000006f3b00000,0x00000006f4e00000)
 ParOldGen       total 131072K, used 12669K [0x0000000540000000, 0x0000000548000000, 0x00000006eab00000)
  object space 131072K, 9% used [0x0000000540000000,0x0000000540c5f4a0,0x0000000548000000)
 Metaspace       used 20287K, capacity 20423K, committed 20736K, reserved 1067008K
  class space    used 2400K, capacity 2449K, committed 2560K, reserved 1048576K
Event: 20.422 GC heap after
Heap after GC invocations=11 (full 0):
 PSYoungGen      total 166912K, used 17899K [0x00000006eab00000, 0x00000006fbb80000, 0x00000007c0000000)
  eden space 147456K, 0% used [0x00000006eab00000,0x00000006eab00000,0x00000006f3b00000)
  from space 19456K, 92% used [0x00000006f3b00000,0x00000006f4c7afd0,0x00000006f4e00000)
  to   space 21504K, 0% used [0x00000006fa680000,0x00000006fa680000,0x00000006fbb80000)
 ParOldGen       total 131072K, used 13941K [0x0000000540000000, 0x0000000548000000, 0x00000006eab00000)
  object space 131072K, 10% used [0x0000000540000000,0x0000000540d9d4b0,0x0000000548000000)
 Metaspace       used 20287K, capacity 20423K, committed 20736K, reserved 1067008K
  class space    used 2400K, capacity 2449K, committed 2560K, reserved 1048576K
}
Event: 20.774 GC heap before
{Heap before GC invocations=12 (full 0):
 PSYoungGen      total 166912K, used 165355K [0x00000006eab00000, 0x00000006fbb80000, 0x00000007c0000000)
  eden space 147456K, 100% used [0x00000006eab00000,0x00000006f3b00000,0x00000006f3b00000)
  from space 19456K, 92% used [0x00000006f3b00000,0x00000006f4c7afd0,0x00000006f4e00000)
  to   space 21504K, 0% used [0x00000006fa680000,0x00000006fa680000,0x00000006fbb80000)
 ParOldGen       total 131072K, used 13941K [0x0000000540000000, 0x0000000548000000, 0x00000006eab00000)
  object space 131072K, 10% used [0x0000000540000000,0x0000000540d9d4b0,0x0000000548000000)
 Metaspace       used 20289K, capacity 20423K, committed 20736K, reserved 1067008K
  class space    used 2400K, capacity 2449K, committed 2560K, reserved 1048576K
Event: 20.790 GC heap after
Heap after GC invocations=12 (full 0):
 PSYoungGen      total 254464K, used 20735K [0x00000006eab00000, 0x00000006fc180000, 0x00000007c0000000)
  eden space 232960K, 0% used [0x00000006eab00000,0x00000006eab00000,0x00000006f8e80000)
  from space 21504K, 96% used [0x00000006fa680000,0x00000006fbabffe8,0x00000006fbb80000)
  to   space 24576K, 0% used [0x00000006f8e80000,0x00000006f8e80000,0x00000006fa680000)
 ParOldGen       total 131072K, used 14299K [0x0000000540000000, 0x0000000548000000, 0x00000006eab00000)
  object space 131072K, 10% used [0x0000000540000000,0x0000000540df6dc0,0x0000000548000000)
 Metaspace       used 20289K, capacity 20423K, committed 20736K, reserved 1067008K
  class space    used 2400K, capacity 2449K, committed 2560K, reserved 1048576K
}
Event: 21.361 GC heap before
{Heap before GC invocations=13 (full 0):
 PSYoungGen      total 254464K, used 239582K [0x00000006eab00000, 0x00000006fc180000, 0x00000007c0000000)
  eden space 232960K, 93% used [0x00000006eab00000,0x00000006f80b78b8,0x00000006f8e80000)
  from space 21504K, 96% used [0x00000006fa680000,0x00000006fbabffe8,0x00000006fbb80000)
  to   space 24576K, 0% used [0x00000006f8e80000,0x00000006f8e80000,0x00000006fa680000)
 ParOldGen       total 131072K, used 14299K [0x0000000540000000, 0x0000000548000000, 0x00000006eab00000)
  object space 131072K, 10% used [0x0000000540000000,0x0000000540df6dc0,0x0000000548000000)
 Metaspace       used 21072K, capacity 21197K, committed 21296K, reserved 1069056K
  class space    used 2497K, capacity 2578K, committed 2608K, reserved 1048576K
Event: 21.387 GC heap after
Heap after GC invocations=13 (full 0):
 PSYoungGen      total 257536K, used 24575K [0x00000006eab00000, 0x0000000705400000, 0x00000007c0000000)
  eden space 232960K, 0% used [0x00000006eab00000,0x00000006eab00000,0x00000006f8e80000)
  from space 24576K, 99% used [0x00000006f8e80000,0x00000006fa67ff00,0x00000006fa680000)
  to   space 31232K, 0% used [0x0000000703580000,0x0000000703580000,0x0000000705400000)
 ParOldGen       total 131072K, used 21675K [0x0000000540000000, 0x0000000548000000, 0x00000006eab00000)
  object space 131072K, 16% used [0x0000000540000000,0x000000054152adf0,0x0000000548000000)
 Metaspace       used 21072K, capacity 21197K, committed 21296K, reserved 1069056K
  class space    used 2497K, capacity 2578K, committed 2608K, reserved 1048576K
}
Event: 21.387 GC heap before
{Heap before GC invocations=14 (full 1):
 PSYoungGen      total 257536K, used 24575K [0x00000006eab00000, 0x0000000705400000, 0x00000007c0000000)
  eden space 232960K, 0% used [0x00000006eab00000,0x00000006eab00000,0x00000006f8e80000)
  from space 24576K, 99% used [0x00000006f8e80000,0x00000006fa67ff00,0x00000006fa680000)
  to   space 31232K, 0% used [0x0000000703580000,0x0000000703580000,0x0000000705400000)
 ParOldGen       total 131072K, used 21675K [0x0000000540000000, 0x0000000548000000, 0x00000006eab00000)
  object space 131072K, 16% used [0x0000000540000000,0x000000054152adf0,0x0000000548000000)
 Metaspace       used 21072K, capacity 21197K, committed 21296K, reserved 1069056K
  class space    used 2497K, capacity 2578K, committed 2608K, reserved 1048576K
Event: 21.440 GC heap after
Heap after GC invocations=14 (full 1):
 PSYoungGen      total 257536K, used 0K [0x00000006eab00000, 0x0000000705400000, 0x00000007c0000000)
  eden space 232960K, 0% used [0x00000006eab00000,0x00000006eab00000,0x00000006f8e80000)
  from space 24576K, 0% used [0x00000006f8e80000,0x00000006f8e80000,0x00000006fa680000)
  to   space 31232K, 0% used [0x0000000703580000,0x0000000703580000,0x0000000705400000)
 ParOldGen       total 93184K, used 34955K [0x0000000540000000, 0x0000000545b00000, 0x00000006eab00000)
  object space 93184K, 37% used [0x0000000540000000,0x0000000542222c50,0x0000000545b00000)
 Metaspace       used 21072K, capacity 21197K, committed 21296K, reserved 1069056K
  class space    used 2497K, capacity 2578K, committed 2608K, reserved 1048576K
}
Event: 28.736 GC heap before
{Heap before GC invocations=15 (full 1):
 PSYoungGen      total 257536K, used 232960K [0x00000006eab00000, 0x0000000705400000, 0x00000007c0000000)
  eden space 232960K, 100% used [0x00000006eab00000,0x00000006f8e80000,0x00000006f8e80000)
  from space 24576K, 0% used [0x00000006f8e80000,0x00000006f8e80000,0x00000006fa680000)
  to   space 31232K, 0% used [0x0000000703580000,0x0000000703580000,0x0000000705400000)
 ParOldGen       total 93184K, used 34955K [0x0000000540000000, 0x0000000545b00000, 0x00000006eab00000)
  object space 93184K, 37% used [0x0000000540000000,0x0000000542222c50,0x0000000545b00000)
 Metaspace       used 26511K, capacity 26739K, committed 27056K, reserved 1073152K
  class space    used 3117K, capacity 3199K, committed 3248K, reserved 1048576K
Event: 28.761 GC heap after
Heap after GC invocations=15 (full 1):
 PSYoungGen      total 389632K, used 28246K [0x00000006eab00000, 0x0000000705180000, 0x00000007c0000000)
  eden space 360960K, 0% used [0x00000006eab00000,0x00000006eab00000,0x0000000700b80000)
  from space 28672K, 98% used [0x0000000703580000,0x0000000705115a58,0x0000000705180000)
  to   space 35328K, 0% used [0x0000000700c80000,0x0000000700c80000,0x0000000702f00000)
 ParOldGen       total 93184K, used 34955K [0x0000000540000000, 0x0000000545b00000, 0x00000006eab00000)
  object space 93184K, 37% used [0x0000000540000000,0x0000000542222c50,0x0000000545b00000)
 Metaspace       used 26511K, capacity 26739K, committed 27056K, reserved 1073152K
  class space    used 3117K, capacity 3199K, committed 3248K, reserved 1048576K
}

