# JRE version: Java(TM) SE Runtime Environment (8.0_161-b12) (build 1.8.0_161-b12)
# Java VM: Java HotSpot(TM) 64-Bit Server VM (25.161-b12 mixed mode windows-amd64 compressed oops)
Heap:
 PSYoungGen      total 396800K, used 97836K [0x00000006eab00000, 0x0000000705500000, 0x00000007c0000000)
  eden space 365568K, 19% used [0x00000006eab00000,0x00000006eef06938,0x0000000701000000)
  from space 31232K, 90% used [0x0000000703680000,0x0000000705204888,0x0000000705500000)
  to   space 35328K, 0% used [0x0000000701000000,0x0000000701000000,0x0000000703280000)
 ParOldGen       total 92672K, used 34935K [0x0000000540000000, 0x0000000545a80000, 0x00000006eab00000)
  object space 92672K, 37% used [0x0000000540000000,0x000000054221dc60,0x0000000545a80000)
 Metaspace       used 27615K, capacity 27859K, committed 28208K, reserved 1075200K
  class space    used 3210K, capacity 3295K, committed 3376K, reserved 1048576K
GC Heap History (10 events):
Event: 24.894 GC heap before
{Heap before GC invocations=11 (full 0):
 PSYoungGen      total 164864K, used 162757K [0x00000006eab00000, 0x00000006f6300000, 0x00000007c0000000)
  eden space 147456K, 100% used [0x00000006eab00000,0x00000006f3b00000,0x00000006f3b00000)
  from space 17408K, 87% used [0x00000006f4e00000,0x00000006f5cf1728,0x00000006f5f00000)
  to   space 19456K, 0% used [0x00000006f3b00000,0x00000006f3b00000,0x00000006f4e00000)
 ParOldGen       total 131072K, used 12738K [0x0000000540000000, 0x0000000548000000, 0x00000006eab00000)
  object space 131072K, 9% used [0x0000000540000000,0x0000000540c70a80,0x0000000548000000)
 Metaspace       used 20269K, capacity 20359K, committed 20736K, reserved 1067008K
  class space    used 2400K, capacity 2449K, committed 2560K, reserved 1048576K
Event: 24.908 GC heap after
Heap after GC invocations=11 (full 0):
 PSYoungGen      total 166912K, used 17934K [0x00000006eab00000, 0x00000006fbc80000, 0x00000007c0000000)
  eden space 147456K, 0% used [0x00000006eab00000,0x00000006eab00000,0x00000006f3b00000)
  from space 19456K, 92% used [0x00000006f3b00000,0x00000006f4c83a40,0x00000006f4e00000)
  to   space 22016K, 0% used [0x00000006fa700000,0x00000006fa700000,0x00000006fbc80000)
 ParOldGen       total 131072K, used 14010K [0x0000000540000000, 0x0000000548000000, 0x00000006eab00000)
  object space 131072K, 10% used [0x0000000540000000,0x0000000540daea90,0x0000000548000000)
 Metaspace       used 20269K, capacity 20359K, committed 20736K, reserved 1067008K
  class space    used 2400K, capacity 2449K, committed 2560K, reserved 1048576K
}
Event: 25.179 GC heap before
{Heap before GC invocations=12 (full 0):
 PSYoungGen      total 166912K, used 165390K [0x00000006eab00000, 0x00000006fbc80000, 0x00000007c0000000)
  eden space 147456K, 100% used [0x00000006eab00000,0x00000006f3b00000,0x00000006f3b00000)
  from space 19456K, 92% used [0x00000006f3b00000,0x00000006f4c83a40,0x00000006f4e00000)
  to   space 22016K, 0% used [0x00000006fa700000,0x00000006fa700000,0x00000006fbc80000)
 ParOldGen       total 131072K, used 14010K [0x0000000540000000, 0x0000000548000000, 0x00000006eab00000)
  object space 131072K, 10% used [0x0000000540000000,0x0000000540daea90,0x0000000548000000)
 Metaspace       used 20273K, capacity 20423K, committed 20736K, reserved 1067008K
  class space    used 2400K, capacity 2449K, committed 2560K, reserved 1048576K
Event: 25.194 GC heap after
Heap after GC invocations=12 (full 0):
 PSYoungGen      total 255488K, used 20712K [0x00000006eab00000, 0x00000006fc180000, 0x00000007c0000000)
  eden space 233472K, 0% used [0x00000006eab00000,0x00000006eab00000,0x00000006f8f00000)
  from space 22016K, 94% used [0x00000006fa700000,0x00000006fbb3a338,0x00000006fbc80000)
  to   space 24576K, 0% used [0x00000006f8f00000,0x00000006f8f00000,0x00000006fa700000)
 ParOldGen       total 131072K, used 14374K [0x0000000540000000, 0x0000000548000000, 0x00000006eab00000)
  object space 131072K, 10% used [0x0000000540000000,0x0000000540e09b88,0x0000000548000000)
 Metaspace       used 20273K, capacity 20423K, committed 20736K, reserved 1067008K
  class space    used 2400K, capacity 2449K, committed 2560K, reserved 1048576K
}
Event: 25.667 GC heap before
{Heap before GC invocations=13 (full 0):
 PSYoungGen      total 255488K, used 239867K [0x00000006eab00000, 0x00000006fc180000, 0x00000007c0000000)
  eden space 233472K, 93% used [0x00000006eab00000,0x00000006f8104b00,0x00000006f8f00000)
  from space 22016K, 94% used [0x00000006fa700000,0x00000006fbb3a338,0x00000006fbc80000)
  to   space 24576K, 0% used [0x00000006f8f00000,0x00000006f8f00000,0x00000006fa700000)
 ParOldGen       total 131072K, used 14374K [0x0000000540000000, 0x0000000548000000, 0x00000006eab00000)
  object space 131072K, 10% used [0x0000000540000000,0x0000000540e09b88,0x0000000548000000)
 Metaspace       used 21055K, capacity 21197K, committed 21296K, reserved 1069056K
  class space    used 2497K, capacity 2578K, committed 2608K, reserved 1048576K
Event: 25.690 GC heap after
Heap after GC invocations=13 (full 0):
 PSYoungGen      total 258048K, used 24558K [0x00000006eab00000, 0x0000000705500000, 0x00000007c0000000)
  eden space 233472K, 0% used [0x00000006eab00000,0x00000006eab00000,0x00000006f8f00000)
  from space 24576K, 99% used [0x00000006f8f00000,0x00000006fa6fb910,0x00000006fa700000)
  to   space 31232K, 0% used [0x0000000703680000,0x0000000703680000,0x0000000705500000)
 ParOldGen       total 131072K, used 22069K [0x0000000540000000, 0x0000000548000000, 0x00000006eab00000)
  object space 131072K, 16% used [0x0000000540000000,0x000000054158d4b8,0x0000000548000000)
 Metaspace       used 21055K, capacity 21197K, committed 21296K, reserved 1069056K
  class space    used 2497K, capacity 2578K, committed 2608K, reserved 1048576K
}
Event: 25.690 GC heap before
{Heap before GC invocations=14 (full 1):
 PSYoungGen      total 258048K, used 24558K [0x00000006eab00000, 0x0000000705500000, 0x00000007c0000000)
  eden space 233472K, 0% used [0x00000006eab00000,0x00000006eab00000,0x00000006f8f00000)
  from space 24576K, 99% used [0x00000006f8f00000,0x00000006fa6fb910,0x00000006fa700000)
  to   space 31232K, 0% used [0x0000000703680000,0x0000000703680000,0x0000000705500000)
 ParOldGen       total 131072K, used 22069K [0x0000000540000000, 0x0000000548000000, 0x00000006eab00000)
  object space 131072K, 16% used [0x0000000540000000,0x000000054158d4b8,0x0000000548000000)
 Metaspace       used 21055K, capacity 21197K, committed 21296K, reserved 1069056K
  class space    used 2497K, capacity 2578K, committed 2608K, reserved 1048576K
Event: 25.740 GC heap after
Heap after GC invocations=14 (full 1):
 PSYoungGen      total 258048K, used 0K [0x00000006eab00000, 0x0000000705500000, 0x00000007c0000000)
  eden space 233472K, 0% used [0x00000006eab00000,0x00000006eab00000,0x00000006f8f00000)
  from space 24576K, 0% used [0x00000006f8f00000,0x00000006f8f00000,0x00000006fa700000)
  to   space 31232K, 0% used [0x0000000703680000,0x0000000703680000,0x0000000705500000)
 ParOldGen       total 92672K, used 34935K [0x0000000540000000, 0x0000000545a80000, 0x00000006eab00000)
  object space 92672K, 37% used [0x0000000540000000,0x000000054221dc60,0x0000000545a80000)
 Metaspace       used 21055K, capacity 21197K, committed 21296K, reserved 1069056K
  class space    used 2497K, capacity 2578K, committed 2608K, reserved 1048576K
}
Event: 32.388 GC heap before
{Heap before GC invocations=15 (full 1):
 PSYoungGen      total 258048K, used 233472K [0x00000006eab00000, 0x0000000705500000, 0x00000007c0000000)
  eden space 233472K, 100% used [0x00000006eab00000,0x00000006f8f00000,0x00000006f8f00000)
  from space 24576K, 0% used [0x00000006f8f00000,0x00000006f8f00000,0x00000006fa700000)
  to   space 31232K, 0% used [0x0000000703680000,0x0000000703680000,0x0000000705500000)
 ParOldGen       total 92672K, used 34935K [0x0000000540000000, 0x0000000545a80000, 0x00000006eab00000)
  object space 92672K, 37% used [0x0000000540000000,0x000000054221dc60,0x0000000545a80000)
 Metaspace       used 26510K, capacity 26739K, committed 27056K, reserved 1073152K
  class space    used 3117K, capacity 3199K, committed 3248K, reserved 1048576K
Event: 32.407 GC heap after
Heap after GC invocations=15 (full 1):
 PSYoungGen      total 396800K, used 28178K [0x00000006eab00000, 0x0000000705500000, 0x00000007c0000000)
  eden space 365568K, 0% used [0x00000006eab00000,0x00000006eab00000,0x0000000701000000)
  from space 31232K, 90% used [0x0000000703680000,0x0000000705204888,0x0000000705500000)
  to   space 35328K, 0% used [0x0000000701000000,0x0000000701000000,0x0000000703280000)
 ParOldGen       total 92672K, used 34935K [0x0000000540000000, 0x0000000545a80000, 0x00000006eab00000)
  object space 92672K, 37% used [0x0000000540000000,0x000000054221dc60,0x0000000545a80000)
 Metaspace       used 26510K, capacity 26739K, committed 27056K, reserved 1073152K
  class space    used 3117K, capacity 3199K, committed 3248K, reserved 1048576K
}

